<?xml version="1.0" encoding="UTF-8"?>
<!-- Generated by org.testng.reporters.JUnitXMLReporter -->
<testsuite hostname="DDC2-d-778R9B2" ignored="0" name="Default test" tests="4" failures="0" timestamp="22 Jul 2019 13:59:05 GMT" time="112.57" errors="0">
  <testcase name="testregistration" time="67.125" classname="My_demo_01.My_demo_01.OnlineShoppingTest"/>
  <testcase name="testlogin" time="4.367" classname="My_demo_01.My_demo_01.OnlineShoppingTest"/>
  <testcase name="testCart" time="7.533" classname="My_demo_01.My_demo_01.OnlineShoppingTest"/>
  <testcase name="testPayment" time="32.753" classname="My_demo_01.My_demo_01.OnlineShoppingTest"/>
</testsuite> <!-- Default test -->
