<?xml version="1.0" encoding="UTF-8"?>
<!-- Generated by org.testng.reporters.JUnitXMLReporter -->
<testsuite hostname="DDC2-d-778R9B2" ignored="0" name="Test" tests="1" failures="0" timestamp="22 Jul 2019 06:11:12 GMT" time="0.066" errors="0">
  <testcase name="@BeforeTest startReport" time="0.0" classname="My_demo_01.My_demo_01.Extend_reportdemo">
    <failure type="org.testng.TestNGException" message="
Can inject only one of &amp;lt;ITestContext, XmlTest&amp;gt; into a @BeforeTest annotated startReport.
For more information on native dependency injection please refer to http://testng.org/doc/documentation-main.html#native-dependency-injection">
      <![CDATA[org.testng.TestNGException: 
Can inject only one of <ITestContext, XmlTest> into a @BeforeTest annotated startReport.
For more information on native dependency injection please refer to http://testng.org/doc/documentation-main.html#native-dependency-injection
... Removed 21 stack frames]]>
    </failure>
  </testcase> <!-- @BeforeTest startReport -->
  <testcase name="@AfterMethod getResult" time="0.0" classname="My_demo_01.My_demo_01.Extend_reportdemo">
    <skipped/>
  </testcase> <!-- @AfterMethod getResult -->
  <testcase name="@AfterTest afterTest" time="0.0" classname="My_demo_01.My_demo_01.Extend_reportdemo">
    <skipped/>
  </testcase> <!-- @AfterTest afterTest -->
  <testcase name="f" time="0.0" classname="My_demo_01.My_demo_01.Extend_reportdemo">
    <skipped/>
  </testcase> <!-- f -->
</testsuite> <!-- Test -->
