<?xml version="1.0" encoding="UTF-8"?>
<!-- Generated by org.testng.reporters.JUnitXMLReporter -->
<testsuite hostname="DDC2-d-778R9B2" ignored="1" name="testng" tests="5" failures="0" timestamp="19 Jul 2019 10:19:48 GMT" time="0.072" errors="0">
  <testcase name="Method1" time="0.014" classname="My_demo_01.My_demo_01.TestClass01"/>
  <testcase name="Method3" time="0.002" classname="My_demo_01.My_demo_01.TestClass01"/>
  <testcase name="Method4" time="0.002" classname="My_demo_01.My_demo_01.TestClass02"/>
  <testcase name="Method5" time="0.001" classname="My_demo_01.My_demo_01.TestClass02"/>
  <testcase name="Method6" time="0.002" classname="My_demo_01.My_demo_01.TestClass02"/>
  <testcase name="Method2" time="0.0" classname="My_demo_01.My_demo_01.TestClass01">
    <ignored/>
  </testcase> <!-- Method2 -->
</testsuite> <!-- testng -->
