<?xml version="1.0" encoding="UTF-8"?>
<testng-results skipped="0" failed="0" ignored="0" total="4" passed="4">
  <reporter-output>
  </reporter-output>
  <suite name="Default suite" duration-ms="112570" started-at="2019-07-22T13:57:13Z" finished-at="2019-07-22T13:59:05Z">
    <groups>
    </groups>
    <test name="Default test" duration-ms="112570" started-at="2019-07-22T13:57:13Z" finished-at="2019-07-22T13:59:05Z">
      <class name="My_demo_01.My_demo_01.OnlineShoppingTest">
        <test-method status="PASS" signature="startReportbeforetest()[pri:0, instance:My_demo_01.My_demo_01.OnlineShoppingTest@1a968a59]" name="startReportbeforetest" is-config="true" duration-ms="271" started-at="2019-07-22T13:57:13Z" finished-at="2019-07-22T13:57:13Z">
          <reporter-output>
          </reporter-output>
        </test-method> <!-- startReportbeforetest -->
        <test-method status="PASS" signature="testregistration()[pri:1, instance:My_demo_01.My_demo_01.OnlineShoppingTest@1a968a59]" name="testregistration" duration-ms="67125" started-at="2019-07-22T13:57:13Z" finished-at="2019-07-22T13:58:20Z">
          <reporter-output>
          </reporter-output>
        </test-method> <!-- testregistration -->
        <test-method status="PASS" signature="getResultaftermethod(org.testng.ITestResult)[pri:0, instance:My_demo_01.My_demo_01.OnlineShoppingTest@1a968a59]" name="getResultaftermethod" is-config="true" duration-ms="18" started-at="2019-07-22T13:58:20Z" finished-at="2019-07-22T13:58:20Z">
          <params>
            <param index="0">
              <value>
                <![CDATA[[TestResult name=testregistration status=SUCCESS method=OnlineShoppingTest.testregistration()[pri:1, instance:My_demo_01.My_demo_01.OnlineShoppingTest@1a968a59] output={null}]]]>
              </value>
            </param>
          </params>
          <reporter-output>
          </reporter-output>
        </test-method> <!-- getResultaftermethod -->
        <test-method status="PASS" signature="testlogin()[pri:2, instance:My_demo_01.My_demo_01.OnlineShoppingTest@1a968a59]" name="testlogin" duration-ms="4367" started-at="2019-07-22T13:58:20Z" finished-at="2019-07-22T13:58:25Z">
          <reporter-output>
          </reporter-output>
        </test-method> <!-- testlogin -->
        <test-method status="PASS" signature="getResultaftermethod(org.testng.ITestResult)[pri:0, instance:My_demo_01.My_demo_01.OnlineShoppingTest@1a968a59]" name="getResultaftermethod" is-config="true" duration-ms="0" started-at="2019-07-22T13:58:25Z" finished-at="2019-07-22T13:58:25Z">
          <params>
            <param index="0">
              <value>
                <![CDATA[[TestResult name=testlogin status=SUCCESS method=OnlineShoppingTest.testlogin()[pri:2, instance:My_demo_01.My_demo_01.OnlineShoppingTest@1a968a59] output={null}]]]>
              </value>
            </param>
          </params>
          <reporter-output>
          </reporter-output>
        </test-method> <!-- getResultaftermethod -->
        <test-method status="PASS" signature="testCart()[pri:3, instance:My_demo_01.My_demo_01.OnlineShoppingTest@1a968a59]" name="testCart" duration-ms="7533" started-at="2019-07-22T13:58:25Z" finished-at="2019-07-22T13:58:32Z">
          <reporter-output>
          </reporter-output>
        </test-method> <!-- testCart -->
        <test-method status="PASS" signature="getResultaftermethod(org.testng.ITestResult)[pri:0, instance:My_demo_01.My_demo_01.OnlineShoppingTest@1a968a59]" name="getResultaftermethod" is-config="true" duration-ms="0" started-at="2019-07-22T13:58:32Z" finished-at="2019-07-22T13:58:32Z">
          <params>
            <param index="0">
              <value>
                <![CDATA[[TestResult name=testCart status=SUCCESS method=OnlineShoppingTest.testCart()[pri:3, instance:My_demo_01.My_demo_01.OnlineShoppingTest@1a968a59] output={null}]]]>
              </value>
            </param>
          </params>
          <reporter-output>
          </reporter-output>
        </test-method> <!-- getResultaftermethod -->
        <test-method status="PASS" signature="testPayment()[pri:4, instance:My_demo_01.My_demo_01.OnlineShoppingTest@1a968a59]" name="testPayment" duration-ms="32753" started-at="2019-07-22T13:58:32Z" finished-at="2019-07-22T13:59:05Z">
          <reporter-output>
          </reporter-output>
        </test-method> <!-- testPayment -->
        <test-method status="PASS" signature="getResultaftermethod(org.testng.ITestResult)[pri:0, instance:My_demo_01.My_demo_01.OnlineShoppingTest@1a968a59]" name="getResultaftermethod" is-config="true" duration-ms="2" started-at="2019-07-22T13:59:05Z" finished-at="2019-07-22T13:59:05Z">
          <params>
            <param index="0">
              <value>
                <![CDATA[[TestResult name=testPayment status=SUCCESS method=OnlineShoppingTest.testPayment()[pri:4, instance:My_demo_01.My_demo_01.OnlineShoppingTest@1a968a59] output={null}]]]>
              </value>
            </param>
          </params>
          <reporter-output>
          </reporter-output>
        </test-method> <!-- getResultaftermethod -->
        <test-method status="PASS" signature="endreportafterTest()[pri:0, instance:My_demo_01.My_demo_01.OnlineShoppingTest@1a968a59]" name="endreportafterTest" is-config="true" duration-ms="465" started-at="2019-07-22T13:59:05Z" finished-at="2019-07-22T13:59:05Z">
          <reporter-output>
          </reporter-output>
        </test-method> <!-- endreportafterTest -->
      </class> <!-- My_demo_01.My_demo_01.OnlineShoppingTest -->
    </test> <!-- Default test -->
  </suite> <!-- Default suite -->
</testng-results>
